<?xml version="1.0" encoding="UTF-8"?>
<!-- Generated by org.testng.reporters.JUnitReportReporter -->
<testsuite hostname="DESKTOP-R646QC9" failures="0" tests="2" name="pac1.ContactTest" time="0.000" errors="0" timestamp="2024-09-30T10:34:45 IST" skipped="0">
  <testcase classname="pac1.ContactTest" name="createContactTest" time="0.000"/>
  <system-out/>
  <testcase classname="pac1.ContactTest" name="modifyContactTest" time="0.000"/>
  <system-out/>
</testsuite> <!-- pac1.ContactTest -->
